98.01.06 09:10 B C:\Data\matprogs\img\AIR.h --> pons.nsu.bgsm.edu /export/home/hernan/matlab/img AIR.h
98.01.06 09:10 B C:\Data\matprogs\img\brain.hdr --> pons.nsu.bgsm.edu /export/home/hernan/matlab/img brain.hdr
98.01.06 09:11 B C:\Data\matprogs\img\brain.img --> pons.nsu.bgsm.edu /export/home/hernan/matlab/img brain.img
98.01.06 09:11 B C:\Data\matprogs\img\DISPLAY.MAT --> pons.nsu.bgsm.edu /export/home/hernan/matlab/img DISPLAY.MAT
98.01.06 09:11 B C:\Data\matprogs\img\DISPWIN.M --> pons.nsu.bgsm.edu /export/home/hernan/matlab/img DISPWIN.M
98.01.06 09:11 B C:\Data\matprogs\img\dispwin.m% --> pons.nsu.bgsm.edu /export/home/hernan/matlab/img dispwin.m%
98.01.06 09:11 B C:\Data\matprogs\img\DISPWIN.MAT --> pons.nsu.bgsm.edu /export/home/hernan/matlab/img DISPWIN.MAT
98.01.06 09:11 B C:\Data\matprogs\img\DWCALL.M --> pons.nsu.bgsm.edu /export/home/hernan/matlab/img DWCALL.M
98.01.06 09:11 B C:\Data\matprogs\img\fmri002.hdr --> pons.nsu.bgsm.edu /export/home/hernan/matlab/img fmri002.hdr
98.01.06 09:11 B C:\Data\matprogs\img\fmri002.img --> pons.nsu.bgsm.edu /export/home/hernan/matlab/img fmri002.img
98.01.06 09:11 B C:\Data\matprogs\img\FMRI030.HDR --> pons.nsu.bgsm.edu /export/home/hernan/matlab/img FMRI030.HDR
98.01.06 09:11 B C:\Data\matprogs\img\FMRI030.IMG --> pons.nsu.bgsm.edu /export/home/hernan/matlab/img FMRI030.IMG
98.01.06 09:11 B C:\Data\matprogs\img\FMRI030.MAT --> pons.nsu.bgsm.edu /export/home/hernan/matlab/img FMRI030.MAT
98.01.06 09:11 B C:\Data\matprogs\img\HEADER.h --> pons.nsu.bgsm.edu /export/home/hernan/matlab/img HEADER.h
98.01.06 09:11 B C:\Data\matprogs\img\IMDISP.M --> pons.nsu.bgsm.edu /export/home/hernan/matlab/img IMDISP.M
98.01.06 09:11 B C:\Data\matprogs\img\imdisp.m% --> pons.nsu.bgsm.edu /export/home/hernan/matlab/img imdisp.m%
98.01.06 09:11 B C:\Data\matprogs\img\JUNK.IMG --> pons.nsu.bgsm.edu /export/home/hernan/matlab/img JUNK.IMG
98.01.06 09:11 B C:\Data\matprogs\img\JUNK.MAT --> pons.nsu.bgsm.edu /export/home/hernan/matlab/img JUNK.MAT
98.01.06 09:11 B C:\Data\matprogs\img\JUNK2.IMG --> pons.nsu.bgsm.edu /export/home/hernan/matlab/img JUNK2.IMG
98.01.06 09:11 B C:\Data\matprogs\img\MAKSLICE.M --> pons.nsu.bgsm.edu /export/home/hernan/matlab/img MAKSLICE.M
98.01.06 09:11 B C:\Data\matprogs\img\MORE --> pons.nsu.bgsm.edu /export/home/hernan/matlab/img MORE
98.01.06 09:11 B C:\Data\matprogs\img\read_header.c --> pons.nsu.bgsm.edu /export/home/hernan/matlab/img read_header.c
98.01.06 09:11 B C:\Data\matprogs\img\READVOL.M --> pons.nsu.bgsm.edu /export/home/hernan/matlab/img READVOL.M
98.01.06 09:11 B C:\Data\matprogs\img\SPM.MAT --> pons.nsu.bgsm.edu /export/home/hernan/matlab/img SPM.MAT
98.01.06 09:11 B C:\Data\matprogs\img\SPMF.IMG --> pons.nsu.bgsm.edu /export/home/hernan/matlab/img SPMF.IMG
98.01.06 09:11 B C:\Data\matprogs\img\SPMF.MAT --> pons.nsu.bgsm.edu /export/home/hernan/matlab/img SPMF.MAT
98.01.06 09:11 B C:\Data\matprogs\img\SPMIMG.M --> pons.nsu.bgsm.edu /export/home/hernan/matlab/img SPMIMG.M
98.01.06 09:11 B C:\Data\matprogs\img\SPMT.IMG --> pons.nsu.bgsm.edu /export/home/hernan/matlab/img SPMT.IMG
98.01.06 09:11 B C:\Data\matprogs\img\SPMT.MAT --> pons.nsu.bgsm.edu /export/home/hernan/matlab/img SPMT.MAT
98.01.06 09:11 B C:\Data\matprogs\img\write_header.c --> pons.nsu.bgsm.edu /export/home/hernan/matlab/img write_header.c
98.01.06 09:11 B C:\Data\matprogs\img\WRITEVOL.M --> pons.nsu.bgsm.edu /export/home/hernan/matlab/img WRITEVOL.M
98.01.06 09:11 B C:\Data\matprogs\img\XA.MAT --> pons.nsu.bgsm.edu /export/home/hernan/matlab/img XA.MAT
98.01.06 09:11 B C:\Data\matprogs\img\XYZ.MAT --> pons.nsu.bgsm.edu /export/home/hernan/matlab/img XYZ.MAT
98.01.06 09:11 B C:\Data\matprogs\img\XYZ_conv.m --> pons.nsu.bgsm.edu /export/home/hernan/matlab/img XYZ_conv.m
98.01.06 09:11 B C:\Data\matprogs\img\XYZ_conv.m% --> pons.nsu.bgsm.edu /export/home/hernan/matlab/img XYZ_conv.m%
98.01.06 09:11 B C:\Data\matprogs\img\XYZ_PRint.M --> pons.nsu.bgsm.edu /export/home/hernan/matlab/img XYZ_PRint.M
98.01.06 09:11 B C:\Data\matprogs\img\XYZ_PR~1.M --> pons.nsu.bgsm.edu /export/home/hernan/matlab/img XYZ_PR~1.M
98.01.06 09:38 B C:\Data\matprogs\img\AIR.h --> pons.nsu.bgsm.edu /export/home/hernan/matlab/img AIR.h
98.01.06 09:38 B C:\Data\matprogs\img\DISPLAY.MAT --> pons.nsu.bgsm.edu /export/home/hernan/matlab/img DISPLAY.MAT
98.01.06 09:38 B C:\Data\matprogs\img\DISPWIN.M --> pons.nsu.bgsm.edu /export/home/hernan/matlab/img DISPWIN.M
98.01.06 09:38 B C:\Data\matprogs\img\dispwin.m% --> pons.nsu.bgsm.edu /export/home/hernan/matlab/img dispwin.m%
98.01.06 09:38 B C:\Data\matprogs\img\DISPWIN.MAT --> pons.nsu.bgsm.edu /export/home/hernan/matlab/img DISPWIN.MAT
98.01.06 09:38 B C:\Data\matprogs\img\DWCALL.M --> pons.nsu.bgsm.edu /export/home/hernan/matlab/img DWCALL.M
98.01.06 09:38 B C:\Data\matprogs\img\fmri002.hdr --> pons.nsu.bgsm.edu /export/home/hernan/matlab/img fmri002.hdr
98.01.06 09:38 B C:\Data\matprogs\img\fmri002.img --> pons.nsu.bgsm.edu /export/home/hernan/matlab/img fmri002.img
98.01.06 09:38 B C:\Data\matprogs\img\FMRI030.HDR --> pons.nsu.bgsm.edu /export/home/hernan/matlab/img FMRI030.HDR
98.01.06 09:38 B C:\Data\matprogs\img\fmri030.img --> pons.nsu.bgsm.edu /export/home/hernan/matlab/img fmri030.img
98.01.06 09:38 B C:\Data\matprogs\img\FMRI030.MAT --> pons.nsu.bgsm.edu /export/home/hernan/matlab/img FMRI030.MAT
98.01.06 09:38 B C:\Data\matprogs\img\HEADER.h --> pons.nsu.bgsm.edu /export/home/hernan/matlab/img HEADER.h
98.01.06 09:38 B C:\Data\matprogs\img\IMDISP.M --> pons.nsu.bgsm.edu /export/home/hernan/matlab/img IMDISP.M
98.01.06 09:38 B C:\Data\matprogs\img\imdisp.m% --> pons.nsu.bgsm.edu /export/home/hernan/matlab/img imdisp.m%
98.01.06 09:38 B C:\Data\matprogs\img\JUNK.IMG --> pons.nsu.bgsm.edu /export/home/hernan/matlab/img JUNK.IMG
98.01.06 09:38 B C:\Data\matprogs\img\JUNK.MAT --> pons.nsu.bgsm.edu /export/home/hernan/matlab/img JUNK.MAT
98.01.06 09:38 B C:\Data\matprogs\img\JUNK2.IMG --> pons.nsu.bgsm.edu /export/home/hernan/matlab/img JUNK2.IMG
98.01.06 09:38 B C:\Data\matprogs\img\MAKSLICE.M --> pons.nsu.bgsm.edu /export/home/hernan/matlab/img MAKSLICE.M
98.01.06 09:38 B C:\Data\matprogs\img\MORE --> pons.nsu.bgsm.edu /export/home/hernan/matlab/img MORE
98.01.06 09:38 B C:\Data\matprogs\img\read_header.c --> pons.nsu.bgsm.edu /export/home/hernan/matlab/img read_header.c
98.01.06 09:38 B C:\Data\matprogs\img\READVOL.M --> pons.nsu.bgsm.edu /export/home/hernan/matlab/img READVOL.M
98.01.06 09:38 B C:\Data\matprogs\img\SPM.MAT --> pons.nsu.bgsm.edu /export/home/hernan/matlab/img SPM.MAT
98.01.06 09:38 B C:\Data\matprogs\img\SPMF.IMG --> pons.nsu.bgsm.edu /export/home/hernan/matlab/img SPMF.IMG
98.01.06 09:38 B C:\Data\matprogs\img\SPMF.MAT --> pons.nsu.bgsm.edu /export/home/hernan/matlab/img SPMF.MAT
98.01.06 09:38 B C:\Data\matprogs\img\SPMIMG.M --> pons.nsu.bgsm.edu /export/home/hernan/matlab/img SPMIMG.M
98.01.06 09:38 B C:\Data\matprogs\img\SPMT.IMG --> pons.nsu.bgsm.edu /export/home/hernan/matlab/img SPMT.IMG
98.01.06 09:38 B C:\Data\matprogs\img\SPMT.MAT --> pons.nsu.bgsm.edu /export/home/hernan/matlab/img SPMT.MAT
98.01.06 09:38 B C:\Data\matprogs\img\write_header.c --> pons.nsu.bgsm.edu /export/home/hernan/matlab/img write_header.c
98.01.06 09:38 B C:\Data\matprogs\img\WRITEVOL.M --> pons.nsu.bgsm.edu /export/home/hernan/matlab/img WRITEVOL.M
98.01.06 09:38 B C:\Data\matprogs\img\WS_FTP.LOG --> pons.nsu.bgsm.edu /export/home/hernan/matlab/img WS_FTP.LOG
98.01.06 09:38 B C:\Data\matprogs\img\XA.MAT --> pons.nsu.bgsm.edu /export/home/hernan/matlab/img XA.MAT
98.01.06 09:38 B C:\Data\matprogs\img\XYZ.MAT --> pons.nsu.bgsm.edu /export/home/hernan/matlab/img XYZ.MAT
98.01.06 09:38 B C:\Data\matprogs\img\XYZ_conv.m --> pons.nsu.bgsm.edu /export/home/hernan/matlab/img XYZ_conv.m
98.01.06 09:38 B C:\Data\matprogs\img\XYZ_conv.m% --> pons.nsu.bgsm.edu /export/home/hernan/matlab/img XYZ_conv.m%
98.01.06 09:38 B C:\Data\matprogs\img\XYZ_print.M --> pons.nsu.bgsm.edu /export/home/hernan/matlab/img XYZ_print.M
98.01.06 09:39 B C:\Data\matprogs\img\air.h --> pons.nsu.bgsm.edu /export/home/hernan/matlab/img air.h
98.01.06 09:39 B C:\Data\matprogs\img\display.mat --> pons.nsu.bgsm.edu /export/home/hernan/matlab/img display.mat
98.01.06 09:39 B C:\Data\matprogs\img\dispwin.m --> pons.nsu.bgsm.edu /export/home/hernan/matlab/img dispwin.m
98.01.06 09:39 B C:\Data\matprogs\img\dispwin.m% --> pons.nsu.bgsm.edu /export/home/hernan/matlab/img dispwin.m%
98.01.06 09:39 B C:\Data\matprogs\img\dispwin.mat --> pons.nsu.bgsm.edu /export/home/hernan/matlab/img dispwin.mat
98.01.06 09:39 B C:\Data\matprogs\img\dwcall.m --> pons.nsu.bgsm.edu /export/home/hernan/matlab/img dwcall.m
98.01.06 09:39 B C:\Data\matprogs\img\fmri002.hdr --> pons.nsu.bgsm.edu /export/home/hernan/matlab/img fmri002.hdr
98.01.06 09:39 B C:\Data\matprogs\img\fmri002.img --> pons.nsu.bgsm.edu /export/home/hernan/matlab/img fmri002.img
98.01.06 09:39 B C:\Data\matprogs\img\fmri030.hdr --> pons.nsu.bgsm.edu /export/home/hernan/matlab/img fmri030.hdr
98.01.06 09:39 B C:\Data\matprogs\img\fmri030.img --> pons.nsu.bgsm.edu /export/home/hernan/matlab/img fmri030.img
98.01.06 09:39 B C:\Data\matprogs\img\fmri030.mat --> pons.nsu.bgsm.edu /export/home/hernan/matlab/img fmri030.mat
98.01.06 09:39 B C:\Data\matprogs\img\header.h --> pons.nsu.bgsm.edu /export/home/hernan/matlab/img header.h
98.01.06 09:39 B C:\Data\matprogs\img\imdisp.m --> pons.nsu.bgsm.edu /export/home/hernan/matlab/img imdisp.m
98.01.06 09:39 B C:\Data\matprogs\img\imdisp.m% --> pons.nsu.bgsm.edu /export/home/hernan/matlab/img imdisp.m%
98.01.06 09:39 B C:\Data\matprogs\img\junk.img --> pons.nsu.bgsm.edu /export/home/hernan/matlab/img junk.img
98.01.06 09:39 B C:\Data\matprogs\img\junk.mat --> pons.nsu.bgsm.edu /export/home/hernan/matlab/img junk.mat
98.01.06 09:39 B C:\Data\matprogs\img\junk2.img --> pons.nsu.bgsm.edu /export/home/hernan/matlab/img junk2.img
98.01.06 09:39 B C:\Data\matprogs\img\makslice.m --> pons.nsu.bgsm.edu /export/home/hernan/matlab/img makslice.m
98.01.06 09:39 B C:\Data\matprogs\img\more --> pons.nsu.bgsm.edu /export/home/hernan/matlab/img more
98.01.06 09:39 B C:\Data\matprogs\img\read_header.c --> pons.nsu.bgsm.edu /export/home/hernan/matlab/img read_header.c
98.01.06 09:39 B C:\Data\matprogs\img\readvol.m --> pons.nsu.bgsm.edu /export/home/hernan/matlab/img readvol.m
98.01.06 09:39 B C:\Data\matprogs\img\spm.mat --> pons.nsu.bgsm.edu /export/home/hernan/matlab/img spm.mat
98.01.06 09:39 B C:\Data\matprogs\img\spmf.img --> pons.nsu.bgsm.edu /export/home/hernan/matlab/img spmf.img
98.01.06 09:40 B C:\Data\matprogs\img\spmf.mat --> pons.nsu.bgsm.edu /export/home/hernan/matlab/img spmf.mat
98.01.06 09:40 B C:\Data\matprogs\img\spmimg.m --> pons.nsu.bgsm.edu /export/home/hernan/matlab/img spmimg.m
98.01.06 09:40 B C:\Data\matprogs\img\spmt.img --> pons.nsu.bgsm.edu /export/home/hernan/matlab/img spmt.img
98.01.06 09:40 B C:\Data\matprogs\img\spmt.mat --> pons.nsu.bgsm.edu /export/home/hernan/matlab/img spmt.mat
98.01.06 09:40 B C:\Data\matprogs\img\write_header.c --> pons.nsu.bgsm.edu /export/home/hernan/matlab/img write_header.c
98.01.06 09:40 B C:\Data\matprogs\img\writevol.m --> pons.nsu.bgsm.edu /export/home/hernan/matlab/img writevol.m
98.01.06 09:40 B C:\Data\matprogs\img\ws_ftp.log --> pons.nsu.bgsm.edu /export/home/hernan/matlab/img ws_ftp.log
98.01.06 09:40 B C:\Data\matprogs\img\xa.mat --> pons.nsu.bgsm.edu /export/home/hernan/matlab/img xa.mat
98.01.06 09:40 B C:\Data\matprogs\img\xyz.mat --> pons.nsu.bgsm.edu /export/home/hernan/matlab/img xyz.mat
98.01.06 09:40 B C:\Data\matprogs\img\xyz_conv.m --> pons.nsu.bgsm.edu /export/home/hernan/matlab/img xyz_conv.m
98.01.06 09:40 B C:\Data\matprogs\img\xyz_conv.m% --> pons.nsu.bgsm.edu /export/home/hernan/matlab/img xyz_conv.m%
98.01.06 09:40 B C:\Data\matprogs\img\xyz_print.m --> pons.nsu.bgsm.edu /export/home/hernan/matlab/img xyz_print.m
98.01.11 09:24 B C:\Data\matprogs\img\AIR.h --> pons /export/home/hernan/matprogs/img AIR.h
98.01.11 09:24 B C:\Data\matprogs\img\DISPLAY.MAT --> pons /export/home/hernan/matprogs/img DISPLAY.MAT
98.01.11 09:24 B C:\Data\matprogs\img\DISPWIN.M --> pons /export/home/hernan/matprogs/img DISPWIN.M
98.01.11 09:24 B C:\Data\matprogs\img\dispwin.m% --> pons /export/home/hernan/matprogs/img dispwin.m%
98.01.11 09:24 B C:\Data\matprogs\img\DISPWIN.MAT --> pons /export/home/hernan/matprogs/img DISPWIN.MAT
98.01.11 09:24 B C:\Data\matprogs\img\DWCALL.M --> pons /export/home/hernan/matprogs/img DWCALL.M
98.01.11 09:24 B C:\Data\matprogs\img\dwcall.m% --> pons /export/home/hernan/matprogs/img dwcall.m%
98.01.11 09:24 B C:\Data\matprogs\img\fmri002.hdr --> pons /export/home/hernan/matprogs/img fmri002.hdr
98.01.11 09:24 B C:\Data\matprogs\img\fmri002.img --> pons /export/home/hernan/matprogs/img fmri002.img
98.01.11 09:24 B C:\Data\matprogs\img\FMRI030.HDR --> pons /export/home/hernan/matprogs/img FMRI030.HDR
98.01.11 09:24 B C:\Data\matprogs\img\fmri030.img --> pons /export/home/hernan/matprogs/img fmri030.img
98.01.11 09:24 B C:\Data\matprogs\img\FMRI030.MAT --> pons /export/home/hernan/matprogs/img FMRI030.MAT
98.01.11 09:24 B C:\Data\matprogs\img\HEADER.h --> pons /export/home/hernan/matprogs/img HEADER.h
98.01.11 09:24 B C:\Data\matprogs\img\IMDISP.M --> pons /export/home/hernan/matprogs/img IMDISP.M
98.01.11 09:24 B C:\Data\matprogs\img\imdisp.m% --> pons /export/home/hernan/matprogs/img imdisp.m%
98.01.11 09:24 B C:\Data\matprogs\img\junk.hdr --> pons /export/home/hernan/matprogs/img junk.hdr
98.01.11 09:24 B C:\Data\matprogs\img\JUNK.IMG --> pons /export/home/hernan/matprogs/img JUNK.IMG
98.01.11 09:24 B C:\Data\matprogs\img\JUNK.MAT --> pons /export/home/hernan/matprogs/img JUNK.MAT
98.01.11 09:24 B C:\Data\matprogs\img\JUNK2.IMG --> pons /export/home/hernan/matprogs/img JUNK2.IMG
98.01.11 09:24 B C:\Data\matprogs\img\junk3.dat --> pons /export/home/hernan/matprogs/img junk3.dat
98.01.11 09:24 B C:\Data\matprogs\img\make_hdr.m --> pons /export/home/hernan/matprogs/img make_hdr.m
98.01.11 09:24 B C:\Data\matprogs\img\MAKSLICE.M --> pons /export/home/hernan/matprogs/img MAKSLICE.M
98.01.11 09:24 B C:\Data\matprogs\img\MORE --> pons /export/home/hernan/matprogs/img MORE
98.01.11 09:24 B C:\Data\matprogs\img\read_ana.m% --> pons /export/home/hernan/matprogs/img read_ana.m%
98.01.11 09:24 B C:\Data\matprogs\img\read_hdr.m --> pons /export/home/hernan/matprogs/img read_hdr.m
98.01.11 09:24 B C:\Data\matprogs\img\read_hdr.m% --> pons /export/home/hernan/matprogs/img read_hdr.m%
98.01.11 09:24 B C:\Data\matprogs\img\read_header.c --> pons /export/home/hernan/matprogs/img read_header.c
98.01.11 09:24 B C:\Data\matprogs\img\read_img.m --> pons /export/home/hernan/matprogs/img read_img.m
98.01.11 09:24 B C:\Data\matprogs\img\READVOL.M --> pons /export/home/hernan/matprogs/img READVOL.M
98.01.11 09:24 B C:\Data\matprogs\img\readvol.m% --> pons /export/home/hernan/matprogs/img readvol.m%
98.01.11 09:24 B C:\Data\matprogs\img\SPM.MAT --> pons /export/home/hernan/matprogs/img SPM.MAT
98.01.11 09:24 B C:\Data\matprogs\img\SPMF.IMG --> pons /export/home/hernan/matprogs/img SPMF.IMG
98.01.11 09:24 B C:\Data\matprogs\img\SPMF.MAT --> pons /export/home/hernan/matprogs/img SPMF.MAT
98.01.11 09:24 B C:\Data\matprogs\img\SPMIMG.M --> pons /export/home/hernan/matprogs/img SPMIMG.M
98.01.11 09:24 B C:\Data\matprogs\img\spmimg.m% --> pons /export/home/hernan/matprogs/img spmimg.m%
98.01.11 09:24 B C:\Data\matprogs\img\SPMT.IMG --> pons /export/home/hernan/matprogs/img SPMT.IMG
98.01.11 09:24 B C:\Data\matprogs\img\SPMT.MAT --> pons /export/home/hernan/matprogs/img SPMT.MAT
98.01.11 09:24 B C:\Data\matprogs\img\tm --> pons /export/home/hernan/matprogs/img tm
98.01.11 09:24 B C:\Data\matprogs\img\write_hdr.m --> pons /export/home/hernan/matprogs/img write_hdr.m
98.01.11 09:24 B C:\Data\matprogs\img\write_header.c --> pons /export/home/hernan/matprogs/img write_header.c
98.01.11 09:24 B C:\Data\matprogs\img\write_img.m --> pons /export/home/hernan/matprogs/img write_img.m
98.01.11 09:24 B C:\Data\matprogs\img\WRITEVOL.M --> pons /export/home/hernan/matprogs/img WRITEVOL.M
98.01.11 09:24 B C:\Data\matprogs\img\WS_FTP.LOG --> pons /export/home/hernan/matprogs/img WS_FTP.LOG
98.01.11 09:24 B C:\Data\matprogs\img\XA.MAT --> pons /export/home/hernan/matprogs/img XA.MAT
98.01.11 09:24 B C:\Data\matprogs\img\XYZ.MAT --> pons /export/home/hernan/matprogs/img XYZ.MAT
98.01.11 09:24 B C:\Data\matprogs\img\XYZ_conv.m --> pons /export/home/hernan/matprogs/img XYZ_conv.m
98.01.11 09:24 B C:\Data\matprogs\img\XYZ_conv.m% --> pons /export/home/hernan/matprogs/img XYZ_conv.m%
98.01.11 09:24 B C:\Data\matprogs\img\XYZ_print.M --> pons /export/home/hernan/matprogs/img XYZ_print.M
98.01.11 09:33 B C:\Data\matprogs\img\air.h --> pons /export/home/hernan/matlab/img air.h
98.01.11 09:33 B C:\Data\matprogs\img\display.mat --> pons /export/home/hernan/matlab/img display.mat
98.01.11 09:33 B C:\Data\matprogs\img\dispwin.m --> pons /export/home/hernan/matlab/img dispwin.m
98.01.11 09:33 B C:\Data\matprogs\img\dispwin.m% --> pons /export/home/hernan/matlab/img dispwin.m%
98.01.11 09:33 B C:\Data\matprogs\img\dispwin.mat --> pons /export/home/hernan/matlab/img dispwin.mat
98.01.11 09:33 B C:\Data\matprogs\img\dwcall.m --> pons /export/home/hernan/matlab/img dwcall.m
98.01.11 09:33 B C:\Data\matprogs\img\dwcall.m% --> pons /export/home/hernan/matlab/img dwcall.m%
98.01.11 09:33 B C:\Data\matprogs\img\fmri002.hdr --> pons /export/home/hernan/matlab/img fmri002.hdr
98.01.11 09:33 B C:\Data\matprogs\img\fmri002.img --> pons /export/home/hernan/matlab/img fmri002.img
98.01.11 09:33 B C:\Data\matprogs\img\fmri030.hdr --> pons /export/home/hernan/matlab/img fmri030.hdr
98.01.11 09:33 B C:\Data\matprogs\img\fmri030.img --> pons /export/home/hernan/matlab/img fmri030.img
98.01.11 09:33 B C:\Data\matprogs\img\fmri030.mat --> pons /export/home/hernan/matlab/img fmri030.mat
98.01.11 09:33 B C:\Data\matprogs\img\header.h --> pons /export/home/hernan/matlab/img header.h
98.01.11 09:33 B C:\Data\matprogs\img\imdisp.m --> pons /export/home/hernan/matlab/img imdisp.m
98.01.11 09:33 B C:\Data\matprogs\img\imdisp.m% --> pons /export/home/hernan/matlab/img imdisp.m%
98.01.11 09:33 B C:\Data\matprogs\img\junk.hdr --> pons /export/home/hernan/matlab/img junk.hdr
98.01.11 09:33 B C:\Data\matprogs\img\junk.img --> pons /export/home/hernan/matlab/img junk.img
98.01.11 09:33 B C:\Data\matprogs\img\junk.mat --> pons /export/home/hernan/matlab/img junk.mat
98.01.11 09:33 B C:\Data\matprogs\img\junk2.img --> pons /export/home/hernan/matlab/img junk2.img
98.01.11 09:33 B C:\Data\matprogs\img\junk3.dat --> pons /export/home/hernan/matlab/img junk3.dat
98.01.11 09:33 B C:\Data\matprogs\img\make_hdr.m --> pons /export/home/hernan/matlab/img make_hdr.m
98.01.11 09:33 B C:\Data\matprogs\img\makslice.m --> pons /export/home/hernan/matlab/img makslice.m
98.01.11 09:33 B C:\Data\matprogs\img\more --> pons /export/home/hernan/matlab/img more
98.01.11 09:33 B C:\Data\matprogs\img\read_ana.m% --> pons /export/home/hernan/matlab/img read_ana.m%
98.01.11 09:33 B C:\Data\matprogs\img\read_hdr.m --> pons /export/home/hernan/matlab/img read_hdr.m
98.01.11 09:33 B C:\Data\matprogs\img\read_hdr.m% --> pons /export/home/hernan/matlab/img read_hdr.m%
98.01.11 09:33 B C:\Data\matprogs\img\read_header.c --> pons /export/home/hernan/matlab/img read_header.c
98.01.11 09:33 B C:\Data\matprogs\img\read_img.m --> pons /export/home/hernan/matlab/img read_img.m
98.01.11 09:33 B C:\Data\matprogs\img\readvol.m --> pons /export/home/hernan/matlab/img readvol.m
98.01.11 09:33 B C:\Data\matprogs\img\readvol.m% --> pons /export/home/hernan/matlab/img readvol.m%
98.01.11 09:33 B C:\Data\matprogs\img\spm.mat --> pons /export/home/hernan/matlab/img spm.mat
98.01.11 09:33 B C:\Data\matprogs\img\spmf.img --> pons /export/home/hernan/matlab/img spmf.img
98.01.11 09:33 B C:\Data\matprogs\img\spmf.mat --> pons /export/home/hernan/matlab/img spmf.mat
98.01.11 09:33 B C:\Data\matprogs\img\spmimg.m --> pons /export/home/hernan/matlab/img spmimg.m
98.01.11 09:33 B C:\Data\matprogs\img\spmimg.m% --> pons /export/home/hernan/matlab/img spmimg.m%
98.01.11 09:33 B C:\Data\matprogs\img\spmt.img --> pons /export/home/hernan/matlab/img spmt.img
98.01.11 09:33 B C:\Data\matprogs\img\spmt.mat --> pons /export/home/hernan/matlab/img spmt.mat
98.01.11 09:33 B C:\Data\matprogs\img\tm --> pons /export/home/hernan/matlab/img tm
98.01.11 09:33 B C:\Data\matprogs\img\write_hdr.m --> pons /export/home/hernan/matlab/img write_hdr.m
98.01.11 09:33 B C:\Data\matprogs\img\write_header.c --> pons /export/home/hernan/matlab/img write_header.c
98.01.11 09:33 B C:\Data\matprogs\img\write_img.m --> pons /export/home/hernan/matlab/img write_img.m
98.01.11 09:33 B C:\Data\matprogs\img\writevol.m --> pons /export/home/hernan/matlab/img writevol.m
98.01.27 13:26 B C:\data\matlab\img\ws_ftp.log <-- pons /export/home/hernan/matlab/img ws_ftp.log
98.01.27 13:26 B C:\data\matlab\img\xa.mat <-- pons /export/home/hernan/matlab/img xa.mat
98.01.27 13:26 B C:\data\matlab\img\xyz.mat <-- pons /export/home/hernan/matlab/img xyz.mat
98.01.27 13:26 B C:\data\matlab\img\xyz_conv.m <-- pons /export/home/hernan/matlab/img xyz_conv.m
98.01.27 13:26 B C:\data\matlab\img\xyz_conv.m% <-- pons /export/home/hernan/matlab/img xyz_conv.m%
98.01.27 13:26 B C:\data\matlab\img\xyz_print.m <-- pons /export/home/hernan/matlab/img xyz_print.m
98.01.27 14:30 B C:\Data\matprogs\img\air.h --> pons /export/home/hernan/matprogs/img air.h
98.01.27 14:30 B C:\Data\matprogs\img\display.mat --> pons /export/home/hernan/matprogs/img display.mat
98.01.27 14:30 B C:\Data\matprogs\img\dispwin.m --> pons /export/home/hernan/matprogs/img dispwin.m
98.01.27 14:30 B C:\Data\matprogs\img\dispwin.m% --> pons /export/home/hernan/matprogs/img dispwin.m%
98.01.27 14:30 B C:\Data\matprogs\img\dispwin.mat --> pons /export/home/hernan/matprogs/img dispwin.mat
98.01.27 14:30 B C:\Data\matprogs\img\dwcall.m --> pons /export/home/hernan/matprogs/img dwcall.m
98.01.27 14:30 B C:\Data\matprogs\img\dwcall.m% --> pons /export/home/hernan/matprogs/img dwcall.m%
98.01.27 14:30 B C:\Data\matprogs\img\extractspm.m --> pons /export/home/hernan/matprogs/img extractspm.m
98.01.27 14:30 B C:\Data\matprogs\img\fmri002.hdr --> pons /export/home/hernan/matprogs/img fmri002.hdr
98.01.27 14:30 B C:\Data\matprogs\img\fmri002.img --> pons /export/home/hernan/matprogs/img fmri002.img
98.01.27 14:30 B C:\Data\matprogs\img\fmri030.hdr --> pons /export/home/hernan/matprogs/img fmri030.hdr
98.01.27 14:30 B C:\Data\matprogs\img\fmri030.img --> pons /export/home/hernan/matprogs/img fmri030.img
98.01.27 14:30 B C:\Data\matprogs\img\fmri030.mat --> pons /export/home/hernan/matprogs/img fmri030.mat
98.01.27 14:30 B C:\Data\matprogs\img\header.h --> pons /export/home/hernan/matprogs/img header.h
98.01.27 14:30 B C:\Data\matprogs\img\imdisp.m --> pons /export/home/hernan/matprogs/img imdisp.m
98.01.27 14:30 B C:\Data\matprogs\img\imdisp.m% --> pons /export/home/hernan/matprogs/img imdisp.m%
98.01.27 14:30 B C:\Data\matprogs\img\junk.hdr --> pons /export/home/hernan/matprogs/img junk.hdr
98.01.27 14:30 B C:\Data\matprogs\img\junk.img --> pons /export/home/hernan/matprogs/img junk.img
98.01.27 14:30 B C:\Data\matprogs\img\junk.mat --> pons /export/home/hernan/matprogs/img junk.mat
98.01.27 14:30 B C:\Data\matprogs\img\junk2.img --> pons /export/home/hernan/matprogs/img junk2.img
98.01.27 14:30 B C:\Data\matprogs\img\junk3.dat --> pons /export/home/hernan/matprogs/img junk3.dat
98.01.27 14:30 B C:\Data\matprogs\img\junker.hdr --> pons /export/home/hernan/matprogs/img junker.hdr
98.01.27 14:30 B C:\Data\matprogs\img\junker.img --> pons /export/home/hernan/matprogs/img junker.img
98.01.27 14:30 B C:\Data\matprogs\img\make_hdr.m --> pons /export/home/hernan/matprogs/img make_hdr.m
98.01.27 14:30 B C:\Data\matprogs\img\makslice.m --> pons /export/home/hernan/matprogs/img makslice.m
98.01.27 14:30 B C:\Data\matprogs\img\more --> pons /export/home/hernan/matprogs/img more
98.01.27 14:30 B C:\Data\matprogs\img\read_ana.m% --> pons /export/home/hernan/matprogs/img read_ana.m%
98.01.27 14:30 B C:\Data\matprogs\img\read_hdr.m --> pons /export/home/hernan/matprogs/img read_hdr.m
98.01.27 14:30 B C:\Data\matprogs\img\read_hdr.m% --> pons /export/home/hernan/matprogs/img read_hdr.m%
98.01.27 14:30 B C:\Data\matprogs\img\read_header.c --> pons /export/home/hernan/matprogs/img read_header.c
98.01.27 14:30 B C:\Data\matprogs\img\read_img.m --> pons /export/home/hernan/matprogs/img read_img.m
98.01.27 14:30 B C:\Data\matprogs\img\readvol.m --> pons /export/home/hernan/matprogs/img readvol.m
98.01.27 14:30 B C:\Data\matprogs\img\readvol.m% --> pons /export/home/hernan/matprogs/img readvol.m%
98.01.27 14:30 B C:\Data\matprogs\img\spm.mat --> pons /export/home/hernan/matprogs/img spm.mat
98.01.27 14:30 B C:\Data\matprogs\img\spmf.img --> pons /export/home/hernan/matprogs/img spmf.img
98.01.27 14:30 B C:\Data\matprogs\img\spmf.mat --> pons /export/home/hernan/matprogs/img spmf.mat
98.01.27 14:30 B C:\Data\matprogs\img\spmimg.m --> pons /export/home/hernan/matprogs/img spmimg.m
98.01.27 14:30 B C:\Data\matprogs\img\spmimg.m% --> pons /export/home/hernan/matprogs/img spmimg.m%
98.01.27 14:30 B C:\Data\matprogs\img\spmt.img --> pons /export/home/hernan/matprogs/img spmt.img
98.01.27 14:30 B C:\Data\matprogs\img\spmt.mat --> pons /export/home/hernan/matprogs/img spmt.mat
98.01.27 14:30 B C:\Data\matprogs\img\tm --> pons /export/home/hernan/matprogs/img tm
98.01.27 14:30 B C:\Data\matprogs\img\tmp.m --> pons /export/home/hernan/matprogs/img tmp.m
98.01.27 14:30 B C:\Data\matprogs\img\write_hdr.m --> pons /export/home/hernan/matprogs/img write_hdr.m
98.01.27 14:30 B C:\Data\matprogs\img\write_header.c --> pons /export/home/hernan/matprogs/img write_header.c
98.01.27 14:30 B C:\Data\matprogs\img\write_img.m --> pons /export/home/hernan/matprogs/img write_img.m
98.01.27 14:30 B C:\Data\matprogs\img\writevol.m --> pons /export/home/hernan/matprogs/img writevol.m
98.03.23 15:38 B D:\data\matlab\img\ws_ftp.log <-- pons /export/home/hernan/matlab/img ws_ftp.log
98.03.23 15:38 B D:\data\matlab\img\xa.mat <-- pons /export/home/hernan/matlab/img xa.mat
98.03.23 15:38 B D:\data\matlab\img\xyz.mat <-- pons /export/home/hernan/matlab/img xyz.mat
98.03.23 15:38 B D:\data\matlab\img\xyz_conv.m <-- pons /export/home/hernan/matlab/img xyz_conv.m
98.03.23 15:38 B D:\data\matlab\img\xyz_conv.m% <-- pons /export/home/hernan/matlab/img xyz_conv.m%
98.03.23 15:38 B D:\data\matlab\img\xyz_print.m <-- pons /export/home/hernan/matlab/img xyz_print.m
98.03.23 16:08 B D:\data\matprogs\img\air.h --> pons /export/home/hernan/matprogs/img air.h
98.03.23 16:08 B D:\data\matprogs\img\buikd_img.m --> pons /export/home/hernan/matprogs/img buikd_img.m
98.03.23 16:08 B D:\data\matprogs\img\build_img.m --> pons /export/home/hernan/matprogs/img build_img.m
98.03.23 16:08 B D:\data\matprogs\img\display.mat --> pons /export/home/hernan/matprogs/img display.mat
98.03.23 16:08 B D:\data\matprogs\img\dispwin.m --> pons /export/home/hernan/matprogs/img dispwin.m
98.03.23 16:08 B D:\data\matprogs\img\dispwin.mat --> pons /export/home/hernan/matprogs/img dispwin.mat
98.03.23 16:08 B D:\data\matprogs\img\dwcall.m --> pons /export/home/hernan/matprogs/img dwcall.m
98.03.23 16:08 B D:\data\matprogs\img\extractspm.m --> pons /export/home/hernan/matprogs/img extractspm.m
98.03.23 16:08 B D:\data\matprogs\img\header.h --> pons /export/home/hernan/matprogs/img header.h
98.03.23 16:08 B D:\data\matprogs\img\imdisp.m --> pons /export/home/hernan/matprogs/img imdisp.m
98.03.23 16:08 B D:\data\matprogs\img\make_hdr.m --> pons /export/home/hernan/matprogs/img make_hdr.m
98.03.23 16:08 B D:\data\matprogs\img\makslice.m --> pons /export/home/hernan/matprogs/img makslice.m
98.03.23 16:08 B D:\data\matprogs\img\more --> pons /export/home/hernan/matprogs/img more
98.03.23 16:08 B D:\data\matprogs\img\read_hdr.m --> pons /export/home/hernan/matprogs/img read_hdr.m
98.03.23 16:08 B D:\data\matprogs\img\read_header.c --> pons /export/home/hernan/matprogs/img read_header.c
98.03.23 16:08 B D:\data\matprogs\img\read_img.m --> pons /export/home/hernan/matprogs/img read_img.m
98.03.23 16:08 B D:\data\matprogs\img\readvol.m --> pons /export/home/hernan/matprogs/img readvol.m
98.03.23 16:08 B D:\data\matprogs\img\rightleft.m --> pons /export/home/hernan/matprogs/img rightleft.m
98.03.23 16:08 B D:\data\matprogs\img\spm_info.m --> pons /export/home/hernan/matprogs/img spm_info.m
98.03.23 16:08 B D:\data\matprogs\img\spmimg.m --> pons /export/home/hernan/matprogs/img spmimg.m
98.03.23 16:08 B D:\data\matprogs\img\tm --> pons /export/home/hernan/matprogs/img tm
98.03.23 16:08 B D:\data\matprogs\img\tmp.m --> pons /export/home/hernan/matprogs/img tmp.m
98.03.23 16:08 B D:\data\matprogs\img\view.m --> pons /export/home/hernan/matprogs/img view.m
98.03.23 16:08 B D:\data\matprogs\img\write_hdr.m --> pons /export/home/hernan/matprogs/img write_hdr.m
98.03.23 16:08 B D:\data\matprogs\img\write_header.c --> pons /export/home/hernan/matprogs/img write_header.c
98.03.23 16:08 B D:\data\matprogs\img\write_img.m --> pons /export/home/hernan/matprogs/img write_img.m
98.03.23 16:08 B D:\data\matprogs\img\writevol.m --> pons /export/home/hernan/matprogs/img writevol.m
98.03.24 09:51 B D:\data\matlab\img\ws_ftp.log <-- pons /export/home/hernan/matlab/img ws_ftp.log
98.03.24 09:51 B D:\data\matlab\img\xyz_conv.m <-- pons /export/home/hernan/matlab/img xyz_conv.m
98.03.24 09:51 B D:\data\matlab\img\xyz_print.m <-- pons /export/home/hernan/matlab/img xyz_print.m
98.03.24 10:45 B D:\data\matprogs\img\air.h --> pons /export/home/hernan/matlab/img air.h
98.03.24 10:45 B D:\data\matprogs\img\buikd_img.m --> pons /export/home/hernan/matlab/img buikd_img.m
98.03.24 10:45 B D:\data\matprogs\img\build_img.m --> pons /export/home/hernan/matlab/img build_img.m
98.03.24 10:45 B D:\data\matprogs\img\display.mat --> pons /export/home/hernan/matlab/img display.mat
98.03.24 10:45 B D:\data\matprogs\img\dispwin.m --> pons /export/home/hernan/matlab/img dispwin.m
98.03.24 10:45 B D:\data\matprogs\img\dispwin.mat --> pons /export/home/hernan/matlab/img dispwin.mat
98.03.24 10:45 B D:\data\matprogs\img\dwcall.m --> pons /export/home/hernan/matlab/img dwcall.m
98.03.24 10:45 B D:\data\matprogs\img\extractspm.m --> pons /export/home/hernan/matlab/img extractspm.m
98.03.24 10:45 B D:\data\matprogs\img\extractspm.m% --> pons /export/home/hernan/matlab/img extractspm.m%
98.03.24 10:45 B D:\data\matprogs\img\header.h --> pons /export/home/hernan/matlab/img header.h
98.03.24 10:45 B D:\data\matprogs\img\imdisp.m --> pons /export/home/hernan/matlab/img imdisp.m
98.03.24 10:45 B D:\data\matprogs\img\make_hdr.m --> pons /export/home/hernan/matlab/img make_hdr.m
98.03.24 10:45 B D:\data\matprogs\img\makslice.m --> pons /export/home/hernan/matlab/img makslice.m
98.03.24 10:45 B D:\data\matprogs\img\more --> pons /export/home/hernan/matlab/img more
98.03.24 10:45 B D:\data\matprogs\img\read_hdr.m --> pons /export/home/hernan/matlab/img read_hdr.m
98.03.24 10:45 B D:\data\matprogs\img\read_header.c --> pons /export/home/hernan/matlab/img read_header.c
98.03.24 10:45 B D:\data\matprogs\img\read_img.m --> pons /export/home/hernan/matlab/img read_img.m
98.03.24 10:45 B D:\data\matprogs\img\readvol.m --> pons /export/home/hernan/matlab/img readvol.m
98.03.24 10:45 B D:\data\matprogs\img\rightleft.m --> pons /export/home/hernan/matlab/img rightleft.m
98.03.24 10:45 B D:\data\matprogs\img\rightleft.m% --> pons /export/home/hernan/matlab/img rightleft.m%
98.03.24 10:45 B D:\data\matprogs\img\spm_info.m --> pons /export/home/hernan/matlab/img spm_info.m
98.03.24 10:45 B D:\data\matprogs\img\spmimg.m --> pons /export/home/hernan/matlab/img spmimg.m
98.03.24 10:45 B D:\data\matprogs\img\timeplot.m --> pons /export/home/hernan/matlab/img timeplot.m
98.03.24 10:46 B D:\data\matprogs\img\tm --> pons /export/home/hernan/matlab/img tm
98.03.24 10:46 B D:\data\matprogs\img\tmp.m --> pons /export/home/hernan/matlab/img tmp.m
98.03.24 10:46 B D:\data\matprogs\img\view.m --> pons /export/home/hernan/matlab/img view.m
98.03.24 10:46 B D:\data\matprogs\img\write_hdr.m --> pons /export/home/hernan/matlab/img write_hdr.m
98.03.24 10:46 B D:\data\matprogs\img\write_header.c --> pons /export/home/hernan/matlab/img write_header.c
98.03.24 10:46 B D:\data\matprogs\img\write_img.m --> pons /export/home/hernan/matlab/img write_img.m
98.03.24 10:46 B D:\data\matprogs\img\writevol.m --> pons /export/home/hernan/matlab/img writevol.m
98.06.30 08:52 B D:\data\matlab\img\ws_ftp.log <-- pons /export/home/hernan/matlab/img ws_ftp.log
98.06.30 08:52 B D:\data\matlab\img\xy.m <-- pons /export/home/hernan/matlab/img xy.m
98.06.30 08:52 B D:\data\matlab\img\xyz_conv.m <-- pons /export/home/hernan/matlab/img xyz_conv.m
98.06.30 08:52 B D:\data\matlab\img\xyz_print.m <-- pons /export/home/hernan/matlab/img xyz_print.m
98.06.30 09:08 B D:\data\matprogs\img\extractspm2.m --> pons /export/home/hernan/matlab/img extractspm2.m
98.06.30 09:08 B D:\data\matprogs\img\dwcall.m --> pons /export/home/hernan/matlab/img dwcall.m
98.06.30 10:47 B D:\data\matprogs\img\air.h --> pons /export/home/hernan/matlab/img air.h
98.06.30 10:47 B D:\data\matprogs\img\avg_fmri.m --> pons /export/home/hernan/matlab/img avg_fmri.m
98.06.30 10:47 B D:\data\matprogs\img\avg_fmri_skip.m --> pons /export/home/hernan/matlab/img avg_fmri_skip.m
98.06.30 10:47 B D:\data\matprogs\img\buikd_img.m --> pons /export/home/hernan/matlab/img buikd_img.m
98.06.30 10:47 B D:\data\matprogs\img\build_img.m --> pons /export/home/hernan/matlab/img build_img.m
98.06.30 10:47 B D:\data\matprogs\img\display.mat --> pons /export/home/hernan/matlab/img display.mat
98.06.30 10:47 B D:\data\matprogs\img\dispwin.m --> pons /export/home/hernan/matlab/img dispwin.m
98.06.30 10:47 B D:\data\matprogs\img\dispwin.m% --> pons /export/home/hernan/matlab/img dispwin.m%
98.06.30 10:47 B D:\data\matprogs\img\dispwin.mat --> pons /export/home/hernan/matlab/img dispwin.mat
98.06.30 10:47 B D:\data\matprogs\img\dwcall.m --> pons /export/home/hernan/matlab/img dwcall.m
98.06.30 10:47 B D:\data\matprogs\img\dwcall.m% --> pons /export/home/hernan/matlab/img dwcall.m%
98.06.30 10:47 B D:\data\matprogs\img\extractspm.m --> pons /export/home/hernan/matlab/img extractspm.m
98.06.30 10:47 B D:\data\matprogs\img\extractspm.m% --> pons /export/home/hernan/matlab/img extractspm.m%
98.06.30 10:47 B D:\data\matprogs\img\extractspm.m.bak --> pons /export/home/hernan/matlab/img extractspm.m.bak
98.06.30 10:47 B D:\data\matprogs\img\extractspm2.m --> pons /export/home/hernan/matlab/img extractspm2.m
98.06.30 10:47 B D:\data\matprogs\img\header.h --> pons /export/home/hernan/matlab/img header.h
98.06.30 10:47 B D:\data\matprogs\img\imdisp.m --> pons /export/home/hernan/matlab/img imdisp.m
98.06.30 10:47 B D:\data\matprogs\img\imdisp.m% --> pons /export/home/hernan/matlab/img imdisp.m%
98.06.30 10:47 B D:\data\matprogs\img\make_hdr.m --> pons /export/home/hernan/matlab/img make_hdr.m
98.06.30 10:47 B D:\data\matprogs\img\makslice.m --> pons /export/home/hernan/matlab/img makslice.m
98.06.30 10:47 B D:\data\matprogs\img\more --> pons /export/home/hernan/matlab/img more
98.06.30 10:47 B D:\data\matprogs\img\pix_count.m --> pons /export/home/hernan/matlab/img pix_count.m
98.06.30 10:47 B D:\data\matprogs\img\read_hdr.m --> pons /export/home/hernan/matlab/img read_hdr.m
98.06.30 10:47 B D:\data\matprogs\img\read_header.c --> pons /export/home/hernan/matlab/img read_header.c
98.06.30 10:47 B D:\data\matprogs\img\read_img.m --> pons /export/home/hernan/matlab/img read_img.m
98.06.30 10:47 B D:\data\matprogs\img\read_img2.m --> pons /export/home/hernan/matlab/img read_img2.m
98.06.30 10:47 B D:\data\matprogs\img\read_img_data.m --> pons /export/home/hernan/matlab/img read_img_data.m
98.06.30 10:47 B D:\data\matprogs\img\read_img_series.m --> pons /export/home/hernan/matlab/img read_img_series.m
98.06.30 10:47 B D:\data\matprogs\img\read_img_slice.m --> pons /export/home/hernan/matlab/img read_img_slice.m
98.06.30 10:47 B D:\data\matprogs\img\readvol.m --> pons /export/home/hernan/matlab/img readvol.m
98.06.30 10:48 B D:\data\matprogs\img\rightleft.m --> pons /export/home/hernan/matlab/img rightleft.m
98.06.30 10:48 B D:\data\matprogs\img\rightleft.m% --> pons /export/home/hernan/matlab/img rightleft.m%
98.06.30 10:48 B D:\data\matprogs\img\rightleft2.m --> pons /export/home/hernan/matlab/img rightleft2.m
98.06.30 10:48 B D:\data\matprogs\img\rightleft2.m% --> pons /export/home/hernan/matlab/img rightleft2.m%
98.06.30 10:48 B D:\data\matprogs\img\showspm.m --> pons /export/home/hernan/matlab/img showspm.m
98.06.30 10:48 B D:\data\matprogs\img\showspm.m% --> pons /export/home/hernan/matlab/img showspm.m%
98.06.30 10:48 B D:\data\matprogs\img\spm_info.m --> pons /export/home/hernan/matlab/img spm_info.m
98.06.30 10:48 B D:\data\matprogs\img\spmimg.m --> pons /export/home/hernan/matlab/img spmimg.m
98.06.30 10:48 B D:\data\matprogs\img\timeplot.m --> pons /export/home/hernan/matlab/img timeplot.m
98.06.30 10:48 B D:\data\matprogs\img\timeplot.m% --> pons /export/home/hernan/matlab/img timeplot.m%
98.06.30 10:48 B D:\data\matprogs\img\tm --> pons /export/home/hernan/matlab/img tm
98.06.30 10:48 B D:\data\matprogs\img\view.m --> pons /export/home/hernan/matlab/img view.m
98.06.30 10:48 B D:\data\matprogs\img\write_hdr.m --> pons /export/home/hernan/matlab/img write_hdr.m
98.06.30 10:48 B D:\data\matprogs\img\write_header.c --> pons /export/home/hernan/matlab/img write_header.c
98.06.30 10:48 B D:\data\matprogs\img\write_img.m --> pons /export/home/hernan/matlab/img write_img.m
98.06.30 10:48 B D:\data\matprogs\img\write_img_data.m --> pons /export/home/hernan/matlab/img write_img_data.m
98.06.30 10:48 B D:\data\matprogs\img\writevol.m --> pons /export/home/hernan/matlab/img writevol.m
98.06.30 11:38 B D:\data\matprogs\img\ws_ftp.log <-- pons /export/home/hernan/matlab/img ws_ftp.log
98.06.30 11:38 B D:\data\matprogs\img\xy.m <-- pons /export/home/hernan/matlab/img xy.m
98.06.30 11:38 B D:\data\matprogs\img\xyz_conv.m <-- pons /export/home/hernan/matlab/img xyz_conv.m
98.06.30 11:38 B D:\data\matprogs\img\xyz_print.m <-- pons /export/home/hernan/matlab/img xyz_print.m
98.06.30 11:40 B D:\data\matprogs\img\avg_fmri.m --> pons /export/home/hernan/matlab/img avg_fmri.m
98.06.30 11:40 B D:\data\matprogs\img\avg_fmri_skip.m --> pons /export/home/hernan/matlab/img avg_fmri_skip.m
98.06.30 11:40 B D:\data\matprogs\img\buikd_img.m --> pons /export/home/hernan/matlab/img buikd_img.m
98.06.30 11:40 B D:\data\matprogs\img\build_img.m --> pons /export/home/hernan/matlab/img build_img.m
98.06.30 11:40 B D:\data\matprogs\img\dispwin.m --> pons /export/home/hernan/matlab/img dispwin.m
98.06.30 11:40 B D:\data\matprogs\img\dwcall.m --> pons /export/home/hernan/matlab/img dwcall.m
98.06.30 11:40 B D:\data\matprogs\img\extractspm.m --> pons /export/home/hernan/matlab/img extractspm.m
98.06.30 11:40 B D:\data\matprogs\img\extractspm2.m --> pons /export/home/hernan/matlab/img extractspm2.m
98.06.30 11:40 B D:\data\matprogs\img\imdisp.m --> pons /export/home/hernan/matlab/img imdisp.m
98.06.30 11:40 B D:\data\matprogs\img\make_hdr.m --> pons /export/home/hernan/matlab/img make_hdr.m
98.06.30 11:40 B D:\data\matprogs\img\makslice.m --> pons /export/home/hernan/matlab/img makslice.m
98.06.30 11:40 B D:\data\matprogs\img\pix_count.m --> pons /export/home/hernan/matlab/img pix_count.m
98.06.30 11:40 B D:\data\matprogs\img\read_hdr.m --> pons /export/home/hernan/matlab/img read_hdr.m
98.06.30 11:40 B D:\data\matprogs\img\read_img.m --> pons /export/home/hernan/matlab/img read_img.m
98.06.30 11:40 B D:\data\matprogs\img\read_img2.m --> pons /export/home/hernan/matlab/img read_img2.m
98.06.30 11:40 B D:\data\matprogs\img\read_img_data.m --> pons /export/home/hernan/matlab/img read_img_data.m
98.06.30 11:40 B D:\data\matprogs\img\read_img_series.m --> pons /export/home/hernan/matlab/img read_img_series.m
98.06.30 11:40 B D:\data\matprogs\img\read_img_slice.m --> pons /export/home/hernan/matlab/img read_img_slice.m
98.06.30 11:40 B D:\data\matprogs\img\readvol.m --> pons /export/home/hernan/matlab/img readvol.m
98.06.30 11:40 B D:\data\matprogs\img\rightleft.m --> pons /export/home/hernan/matlab/img rightleft.m
98.06.30 11:40 B D:\data\matprogs\img\rightleft2.m --> pons /export/home/hernan/matlab/img rightleft2.m
98.06.30 11:40 B D:\data\matprogs\img\showspm.m --> pons /export/home/hernan/matlab/img showspm.m
98.06.30 11:40 B D:\data\matprogs\img\spm_info.m --> pons /export/home/hernan/matlab/img spm_info.m
98.06.30 11:40 B D:\data\matprogs\img\spmimg.m --> pons /export/home/hernan/matlab/img spmimg.m
98.06.30 11:40 B D:\data\matprogs\img\timeplot.m --> pons /export/home/hernan/matlab/img timeplot.m
98.06.30 11:40 B D:\data\matprogs\img\view.m --> pons /export/home/hernan/matlab/img view.m
98.06.30 11:40 B D:\data\matprogs\img\write_hdr.m --> pons /export/home/hernan/matlab/img write_hdr.m
98.06.30 11:40 B D:\data\matprogs\img\write_img.m --> pons /export/home/hernan/matlab/img write_img.m
98.06.30 11:40 B D:\data\matprogs\img\write_img_data.m --> pons /export/home/hernan/matlab/img write_img_data.m
98.06.30 11:40 B D:\data\matprogs\img\writevol.m --> pons /export/home/hernan/matlab/img writevol.m
98.06.30 11:40 B D:\data\matprogs\img\xy.m --> pons /export/home/hernan/matlab/img xy.m
98.06.30 11:40 B D:\data\matprogs\img\xyz_conv.m --> pons /export/home/hernan/matlab/img xyz_conv.m
98.06.30 11:40 B D:\data\matprogs\img\xyz_print.m --> pons /export/home/hernan/matlab/img xyz_print.m
98.06.30 12:21 B D:\data\matprogs\img\air.h --> pons /export/home/hernan/matlab/img air.h
98.06.30 12:21 B D:\data\matprogs\img\avg_fmri.m --> pons /export/home/hernan/matlab/img avg_fmri.m
98.06.30 12:21 B D:\data\matprogs\img\avg_fmri_skip.m --> pons /export/home/hernan/matlab/img avg_fmri_skip.m
98.06.30 12:21 B D:\data\matprogs\img\buikd_img.m --> pons /export/home/hernan/matlab/img buikd_img.m
98.06.30 12:21 B D:\data\matprogs\img\build_img.m --> pons /export/home/hernan/matlab/img build_img.m
98.06.30 12:21 B D:\data\matprogs\img\display.mat --> pons /export/home/hernan/matlab/img display.mat
98.06.30 12:21 B D:\data\matprogs\img\dispwin.m --> pons /export/home/hernan/matlab/img dispwin.m
98.06.30 12:21 B D:\data\matprogs\img\dispwin.m% --> pons /export/home/hernan/matlab/img dispwin.m%
98.06.30 12:21 B D:\data\matprogs\img\dispwin.mat --> pons /export/home/hernan/matlab/img dispwin.mat
98.06.30 12:21 B D:\data\matprogs\img\dwcall.m --> pons /export/home/hernan/matlab/img dwcall.m
98.06.30 12:21 B D:\data\matprogs\img\dwcall.m% --> pons /export/home/hernan/matlab/img dwcall.m%
98.06.30 12:21 B D:\data\matprogs\img\extractspm.m --> pons /export/home/hernan/matlab/img extractspm.m
98.06.30 12:21 B D:\data\matprogs\img\extractspm.m% --> pons /export/home/hernan/matlab/img extractspm.m%
98.06.30 12:21 B D:\data\matprogs\img\extractspm.m.bak --> pons /export/home/hernan/matlab/img extractspm.m.bak
98.06.30 12:21 B D:\data\matprogs\img\extractspm2.m --> pons /export/home/hernan/matlab/img extractspm2.m
98.06.30 12:21 B D:\data\matprogs\img\header.h --> pons /export/home/hernan/matlab/img header.h
98.06.30 12:21 B D:\data\matprogs\img\imdisp.m --> pons /export/home/hernan/matlab/img imdisp.m
98.06.30 12:21 B D:\data\matprogs\img\imdisp.m% --> pons /export/home/hernan/matlab/img imdisp.m%
98.06.30 12:21 B D:\data\matprogs\img\make_hdr.m --> pons /export/home/hernan/matlab/img make_hdr.m
98.06.30 12:21 B D:\data\matprogs\img\makslice.m --> pons /export/home/hernan/matlab/img makslice.m
98.06.30 12:21 B D:\data\matprogs\img\more --> pons /export/home/hernan/matlab/img more
98.06.30 12:21 B D:\data\matprogs\img\pix_count.m --> pons /export/home/hernan/matlab/img pix_count.m
98.06.30 12:21 B D:\data\matprogs\img\read_hdr.m --> pons /export/home/hernan/matlab/img read_hdr.m
98.06.30 12:21 B D:\data\matprogs\img\read_header.c --> pons /export/home/hernan/matlab/img read_header.c
98.06.30 12:21 B D:\data\matprogs\img\read_img.m --> pons /export/home/hernan/matlab/img read_img.m
98.06.30 12:21 B D:\data\matprogs\img\read_img2.m --> pons /export/home/hernan/matlab/img read_img2.m
98.06.30 12:21 B D:\data\matprogs\img\read_img_data.m --> pons /export/home/hernan/matlab/img read_img_data.m
98.06.30 12:21 B D:\data\matprogs\img\read_img_series.m --> pons /export/home/hernan/matlab/img read_img_series.m
98.06.30 12:21 B D:\data\matprogs\img\read_img_slice.m --> pons /export/home/hernan/matlab/img read_img_slice.m
98.06.30 12:21 B D:\data\matprogs\img\readvol.m --> pons /export/home/hernan/matlab/img readvol.m
98.06.30 12:21 B D:\data\matprogs\img\rightleft.m --> pons /export/home/hernan/matlab/img rightleft.m
98.06.30 12:21 B D:\data\matprogs\img\rightleft.m% --> pons /export/home/hernan/matlab/img rightleft.m%
98.06.30 12:21 B D:\data\matprogs\img\rightleft2.m --> pons /export/home/hernan/matlab/img rightleft2.m
98.06.30 12:21 B D:\data\matprogs\img\rightleft2.m% --> pons /export/home/hernan/matlab/img rightleft2.m%
98.06.30 12:21 B D:\data\matprogs\img\showspm.m --> pons /export/home/hernan/matlab/img showspm.m
98.06.30 12:21 B D:\data\matprogs\img\showspm.m% --> pons /export/home/hernan/matlab/img showspm.m%
98.06.30 12:21 B D:\data\matprogs\img\spm_info.m --> pons /export/home/hernan/matlab/img spm_info.m
98.06.30 12:21 B D:\data\matprogs\img\spmimg.m --> pons /export/home/hernan/matlab/img spmimg.m
98.06.30 12:21 B D:\data\matprogs\img\timeplot.m --> pons /export/home/hernan/matlab/img timeplot.m
98.06.30 12:21 B D:\data\matprogs\img\timeplot.m% --> pons /export/home/hernan/matlab/img timeplot.m%
98.06.30 12:21 B D:\data\matprogs\img\tm --> pons /export/home/hernan/matlab/img tm
98.06.30 12:21 B D:\data\matprogs\img\view.m --> pons /export/home/hernan/matlab/img view.m
98.06.30 12:21 B D:\data\matprogs\img\write_hdr.m --> pons /export/home/hernan/matlab/img write_hdr.m
98.06.30 12:21 B D:\data\matprogs\img\write_header.c --> pons /export/home/hernan/matlab/img write_header.c
98.06.30 12:21 B D:\data\matprogs\img\write_img.m --> pons /export/home/hernan/matlab/img write_img.m
98.06.30 12:21 B D:\data\matprogs\img\write_img_data.m --> pons /export/home/hernan/matlab/img write_img_data.m
98.06.30 12:21 B D:\data\matprogs\img\writevol.m --> pons /export/home/hernan/matlab/img writevol.m
98.06.30 12:21 B D:\data\matprogs\img\ws_ftp.log --> pons /export/home/hernan/matlab/img ws_ftp.log
98.06.30 12:21 B D:\data\matprogs\img\xy.m --> pons /export/home/hernan/matlab/img xy.m
98.06.30 12:21 B D:\data\matprogs\img\xyz_conv.m --> pons /export/home/hernan/matlab/img xyz_conv.m
98.06.30 12:21 B D:\data\matprogs\img\xyz_print.m --> pons /export/home/hernan/matlab/img xyz_print.m
98.06.30 13:01 B D:\data\matprogs\img\air.h --> pons /export/home/hernan/matlab/img air.h
98.06.30 13:01 B D:\data\matprogs\img\avg_fmri.m --> pons /export/home/hernan/matlab/img avg_fmri.m
98.06.30 13:01 B D:\data\matprogs\img\avg_fmri_skip.m --> pons /export/home/hernan/matlab/img avg_fmri_skip.m
98.06.30 13:01 B D:\data\matprogs\img\buikd_img.m --> pons /export/home/hernan/matlab/img buikd_img.m
98.06.30 13:01 B D:\data\matprogs\img\build_img.m --> pons /export/home/hernan/matlab/img build_img.m
98.06.30 13:01 B D:\data\matprogs\img\display.mat --> pons /export/home/hernan/matlab/img display.mat
98.06.30 13:01 B D:\data\matprogs\img\dispwin.m --> pons /export/home/hernan/matlab/img dispwin.m
98.06.30 13:01 B D:\data\matprogs\img\dispwin.m% --> pons /export/home/hernan/matlab/img dispwin.m%
98.06.30 13:01 B D:\data\matprogs\img\dispwin.mat --> pons /export/home/hernan/matlab/img dispwin.mat
98.06.30 13:01 B D:\data\matprogs\img\dwcall.m --> pons /export/home/hernan/matlab/img dwcall.m
98.06.30 13:01 B D:\data\matprogs\img\dwcall.m% --> pons /export/home/hernan/matlab/img dwcall.m%
98.06.30 13:01 B D:\data\matprogs\img\extractspm.m --> pons /export/home/hernan/matlab/img extractspm.m
98.06.30 13:01 B D:\data\matprogs\img\extractspm.m% --> pons /export/home/hernan/matlab/img extractspm.m%
98.06.30 13:01 B D:\data\matprogs\img\extractspm.m.bak --> pons /export/home/hernan/matlab/img extractspm.m.bak
98.06.30 13:01 B D:\data\matprogs\img\extractspm2.m --> pons /export/home/hernan/matlab/img extractspm2.m
98.06.30 13:01 B D:\data\matprogs\img\header.h --> pons /export/home/hernan/matlab/img header.h
98.06.30 13:01 B D:\data\matprogs\img\imdisp.m --> pons /export/home/hernan/matlab/img imdisp.m
98.06.30 13:01 B D:\data\matprogs\img\imdisp.m% --> pons /export/home/hernan/matlab/img imdisp.m%
98.06.30 13:01 B D:\data\matprogs\img\make_hdr.m --> pons /export/home/hernan/matlab/img make_hdr.m
98.06.30 13:01 B D:\data\matprogs\img\makslice.m --> pons /export/home/hernan/matlab/img makslice.m
98.06.30 13:01 B D:\data\matprogs\img\more --> pons /export/home/hernan/matlab/img more
98.06.30 13:01 B D:\data\matprogs\img\pix_count.m --> pons /export/home/hernan/matlab/img pix_count.m
98.06.30 13:01 B D:\data\matprogs\img\read_hdr.m --> pons /export/home/hernan/matlab/img read_hdr.m
98.06.30 13:01 B D:\data\matprogs\img\read_header.c --> pons /export/home/hernan/matlab/img read_header.c
98.06.30 13:01 B D:\data\matprogs\img\read_img.m --> pons /export/home/hernan/matlab/img read_img.m
98.06.30 13:01 B D:\data\matprogs\img\read_img2.m --> pons /export/home/hernan/matlab/img read_img2.m
98.06.30 13:01 B D:\data\matprogs\img\read_img_data.m --> pons /export/home/hernan/matlab/img read_img_data.m
98.06.30 13:01 B D:\data\matprogs\img\read_img_series.m --> pons /export/home/hernan/matlab/img read_img_series.m
98.06.30 13:01 B D:\data\matprogs\img\read_img_slice.m --> pons /export/home/hernan/matlab/img read_img_slice.m
98.06.30 13:01 B D:\data\matprogs\img\readvol.m --> pons /export/home/hernan/matlab/img readvol.m
98.06.30 13:01 B D:\data\matprogs\img\rightleft.m --> pons /export/home/hernan/matlab/img rightleft.m
98.06.30 13:01 B D:\data\matprogs\img\rightleft.m% --> pons /export/home/hernan/matlab/img rightleft.m%
98.06.30 13:01 B D:\data\matprogs\img\rightleft2.m --> pons /export/home/hernan/matlab/img rightleft2.m
98.06.30 13:01 B D:\data\matprogs\img\rightleft2.m% --> pons /export/home/hernan/matlab/img rightleft2.m%
98.06.30 13:01 B D:\data\matprogs\img\showspm.m --> pons /export/home/hernan/matlab/img showspm.m
98.06.30 13:01 B D:\data\matprogs\img\showspm.m% --> pons /export/home/hernan/matlab/img showspm.m%
98.06.30 13:01 B D:\data\matprogs\img\spm_info.m --> pons /export/home/hernan/matlab/img spm_info.m
98.06.30 13:01 B D:\data\matprogs\img\spmimg.m --> pons /export/home/hernan/matlab/img spmimg.m
98.06.30 13:01 B D:\data\matprogs\img\timeplot.m --> pons /export/home/hernan/matlab/img timeplot.m
98.06.30 13:02 B D:\data\matprogs\img\timeplot.m% --> pons /export/home/hernan/matlab/img timeplot.m%
98.06.30 13:02 B D:\data\matprogs\img\tm --> pons /export/home/hernan/matlab/img tm
98.06.30 13:02 B D:\data\matprogs\img\view.m --> pons /export/home/hernan/matlab/img view.m
98.06.30 13:02 B D:\data\matprogs\img\write_hdr.m --> pons /export/home/hernan/matlab/img write_hdr.m
98.06.30 13:02 B D:\data\matprogs\img\write_header.c --> pons /export/home/hernan/matlab/img write_header.c
98.06.30 13:02 B D:\data\matprogs\img\write_img.m --> pons /export/home/hernan/matlab/img write_img.m
98.06.30 13:02 B D:\data\matprogs\img\write_img_data.m --> pons /export/home/hernan/matlab/img write_img_data.m
98.06.30 13:02 B D:\data\matprogs\img\writevol.m --> pons /export/home/hernan/matlab/img writevol.m
98.06.30 13:02 B D:\data\matprogs\img\ws_ftp.log --> pons /export/home/hernan/matlab/img ws_ftp.log
98.06.30 13:02 B D:\data\matprogs\img\xy.m --> pons /export/home/hernan/matlab/img xy.m
98.06.30 13:02 B D:\data\matprogs\img\xyz_conv.m --> pons /export/home/hernan/matlab/img xyz_conv.m
98.06.30 13:02 B D:\data\matprogs\img\xyz_print.m --> pons /export/home/hernan/matlab/img xyz_print.m
98.06.30 13:12 B D:\data\matprogs\img\air.h --> pons /export/home/hernan/matlab/img air.h
98.06.30 13:12 B D:\data\matprogs\img\avg_fmri.m --> pons /export/home/hernan/matlab/img avg_fmri.m
98.06.30 13:12 B D:\data\matprogs\img\avg_fmri_skip.m --> pons /export/home/hernan/matlab/img avg_fmri_skip.m
98.06.30 13:12 B D:\data\matprogs\img\buikd_img.m --> pons /export/home/hernan/matlab/img buikd_img.m
98.06.30 13:12 B D:\data\matprogs\img\build_img.m --> pons /export/home/hernan/matlab/img build_img.m
98.06.30 13:12 B D:\data\matprogs\img\display.mat --> pons /export/home/hernan/matlab/img display.mat
98.06.30 13:12 B D:\data\matprogs\img\dispwin.m --> pons /export/home/hernan/matlab/img dispwin.m
98.06.30 13:12 B D:\data\matprogs\img\dispwin.m% --> pons /export/home/hernan/matlab/img dispwin.m%
98.06.30 13:12 B D:\data\matprogs\img\dispwin.mat --> pons /export/home/hernan/matlab/img dispwin.mat
98.06.30 13:12 B D:\data\matprogs\img\dwcall.m --> pons /export/home/hernan/matlab/img dwcall.m
98.06.30 13:12 B D:\data\matprogs\img\dwcall.m% --> pons /export/home/hernan/matlab/img dwcall.m%
98.06.30 13:12 B D:\data\matprogs\img\extractspm.m --> pons /export/home/hernan/matlab/img extractspm.m
98.06.30 13:12 B D:\data\matprogs\img\extractspm.m% --> pons /export/home/hernan/matlab/img extractspm.m%
98.06.30 13:12 B D:\data\matprogs\img\extractspm.m.bak --> pons /export/home/hernan/matlab/img extractspm.m.bak
98.06.30 13:12 B D:\data\matprogs\img\extractspm2.m --> pons /export/home/hernan/matlab/img extractspm2.m
98.06.30 13:12 B D:\data\matprogs\img\header.h --> pons /export/home/hernan/matlab/img header.h
98.06.30 13:12 B D:\data\matprogs\img\imdisp.m --> pons /export/home/hernan/matlab/img imdisp.m
98.06.30 13:12 B D:\data\matprogs\img\imdisp.m% --> pons /export/home/hernan/matlab/img imdisp.m%
98.06.30 13:12 B D:\data\matprogs\img\make_hdr.m --> pons /export/home/hernan/matlab/img make_hdr.m
98.06.30 13:12 B D:\data\matprogs\img\makslice.m --> pons /export/home/hernan/matlab/img makslice.m
98.06.30 13:12 B D:\data\matprogs\img\more --> pons /export/home/hernan/matlab/img more
98.06.30 13:12 B D:\data\matprogs\img\pix_count.m --> pons /export/home/hernan/matlab/img pix_count.m
98.06.30 13:12 B D:\data\matprogs\img\read_hdr.m --> pons /export/home/hernan/matlab/img read_hdr.m
98.06.30 13:12 B D:\data\matprogs\img\read_header.c --> pons /export/home/hernan/matlab/img read_header.c
98.06.30 13:12 B D:\data\matprogs\img\read_img.m --> pons /export/home/hernan/matlab/img read_img.m
98.06.30 13:12 B D:\data\matprogs\img\read_img2.m --> pons /export/home/hernan/matlab/img read_img2.m
98.06.30 13:12 B D:\data\matprogs\img\read_img_data.m --> pons /export/home/hernan/matlab/img read_img_data.m
98.06.30 13:12 B D:\data\matprogs\img\read_img_series.m --> pons /export/home/hernan/matlab/img read_img_series.m
98.06.30 13:12 B D:\data\matprogs\img\read_img_slice.m --> pons /export/home/hernan/matlab/img read_img_slice.m
98.06.30 13:12 B D:\data\matprogs\img\readvol.m --> pons /export/home/hernan/matlab/img readvol.m
98.06.30 13:12 B D:\data\matprogs\img\rightleft.m --> pons /export/home/hernan/matlab/img rightleft.m
98.06.30 13:12 B D:\data\matprogs\img\rightleft.m% --> pons /export/home/hernan/matlab/img rightleft.m%
98.06.30 13:12 B D:\data\matprogs\img\rightleft2.m --> pons /export/home/hernan/matlab/img rightleft2.m
98.06.30 13:12 B D:\data\matprogs\img\rightleft2.m% --> pons /export/home/hernan/matlab/img rightleft2.m%
98.06.30 13:12 B D:\data\matprogs\img\showspm.m --> pons /export/home/hernan/matlab/img showspm.m
98.06.30 13:12 B D:\data\matprogs\img\showspm.m% --> pons /export/home/hernan/matlab/img showspm.m%
98.06.30 13:12 B D:\data\matprogs\img\spm_info.m --> pons /export/home/hernan/matlab/img spm_info.m
98.06.30 13:12 B D:\data\matprogs\img\spmimg.m --> pons /export/home/hernan/matlab/img spmimg.m
98.06.30 13:12 B D:\data\matprogs\img\timeplot.m --> pons /export/home/hernan/matlab/img timeplot.m
98.06.30 13:12 B D:\data\matprogs\img\timeplot.m% --> pons /export/home/hernan/matlab/img timeplot.m%
98.06.30 13:12 B D:\data\matprogs\img\tm --> pons /export/home/hernan/matlab/img tm
98.06.30 13:12 B D:\data\matprogs\img\view.m --> pons /export/home/hernan/matlab/img view.m
98.06.30 13:12 B D:\data\matprogs\img\write_hdr.m --> pons /export/home/hernan/matlab/img write_hdr.m
98.06.30 13:12 B D:\data\matprogs\img\write_header.c --> pons /export/home/hernan/matlab/img write_header.c
98.06.30 13:12 B D:\data\matprogs\img\write_img.m --> pons /export/home/hernan/matlab/img write_img.m
98.06.30 13:12 B D:\data\matprogs\img\write_img_data.m --> pons /export/home/hernan/matlab/img write_img_data.m
98.06.30 13:12 B D:\data\matprogs\img\writevol.m --> pons /export/home/hernan/matlab/img writevol.m
98.06.30 13:12 B D:\data\matprogs\img\ws_ftp.log --> pons /export/home/hernan/matlab/img ws_ftp.log
98.06.30 13:12 B D:\data\matprogs\img\xy.m --> pons /export/home/hernan/matlab/img xy.m
98.06.30 13:12 B D:\data\matprogs\img\xyz_conv.m --> pons /export/home/hernan/matlab/img xyz_conv.m
98.06.30 13:12 B D:\data\matprogs\img\xyz_print.m --> pons /export/home/hernan/matlab/img xyz_print.m
98.06.30 13:34 B D:\data\matprogs\img\air.h --> pons /export/home/hernan/matlab/img air.h
98.06.30 13:34 B D:\data\matprogs\img\avg_fmri.m --> pons /export/home/hernan/matlab/img avg_fmri.m
98.06.30 13:34 B D:\data\matprogs\img\avg_fmri_skip.m --> pons /export/home/hernan/matlab/img avg_fmri_skip.m
98.06.30 13:34 B D:\data\matprogs\img\buikd_img.m --> pons /export/home/hernan/matlab/img buikd_img.m
98.06.30 13:34 B D:\data\matprogs\img\build_img.m --> pons /export/home/hernan/matlab/img build_img.m
98.06.30 13:34 B D:\data\matprogs\img\display.mat --> pons /export/home/hernan/matlab/img display.mat
98.06.30 13:34 B D:\data\matprogs\img\dispwin.m --> pons /export/home/hernan/matlab/img dispwin.m
98.06.30 13:34 B D:\data\matprogs\img\dispwin.m% --> pons /export/home/hernan/matlab/img dispwin.m%
98.06.30 13:34 B D:\data\matprogs\img\dispwin.mat --> pons /export/home/hernan/matlab/img dispwin.mat
98.06.30 13:34 B D:\data\matprogs\img\dwcall.m --> pons /export/home/hernan/matlab/img dwcall.m
98.06.30 13:34 B D:\data\matprogs\img\dwcall.m% --> pons /export/home/hernan/matlab/img dwcall.m%
98.06.30 13:34 B D:\data\matprogs\img\extractspm.m --> pons /export/home/hernan/matlab/img extractspm.m
98.06.30 13:34 B D:\data\matprogs\img\extractspm.m% --> pons /export/home/hernan/matlab/img extractspm.m%
98.06.30 13:34 B D:\data\matprogs\img\extractspm.m.bak --> pons /export/home/hernan/matlab/img extractspm.m.bak
98.06.30 13:34 B D:\data\matprogs\img\extractspm2.m --> pons /export/home/hernan/matlab/img extractspm2.m
98.06.30 13:34 B D:\data\matprogs\img\header.h --> pons /export/home/hernan/matlab/img header.h
98.06.30 13:34 B D:\data\matprogs\img\imdisp.m --> pons /export/home/hernan/matlab/img imdisp.m
98.06.30 13:34 B D:\data\matprogs\img\imdisp.m% --> pons /export/home/hernan/matlab/img imdisp.m%
98.06.30 13:34 B D:\data\matprogs\img\make_hdr.m --> pons /export/home/hernan/matlab/img make_hdr.m
98.06.30 13:34 B D:\data\matprogs\img\makslice.m --> pons /export/home/hernan/matlab/img makslice.m
98.06.30 13:34 B D:\data\matprogs\img\more --> pons /export/home/hernan/matlab/img more
98.06.30 13:34 B D:\data\matprogs\img\pix_count.m --> pons /export/home/hernan/matlab/img pix_count.m
98.06.30 13:34 B D:\data\matprogs\img\read_hdr.m --> pons /export/home/hernan/matlab/img read_hdr.m
98.06.30 13:34 B D:\data\matprogs\img\read_header.c --> pons /export/home/hernan/matlab/img read_header.c
98.06.30 13:34 B D:\data\matprogs\img\read_img.m --> pons /export/home/hernan/matlab/img read_img.m
98.06.30 13:34 B D:\data\matprogs\img\read_img2.m --> pons /export/home/hernan/matlab/img read_img2.m
98.06.30 13:34 B D:\data\matprogs\img\read_img_data.m --> pons /export/home/hernan/matlab/img read_img_data.m
98.06.30 13:34 B D:\data\matprogs\img\read_img_series.m --> pons /export/home/hernan/matlab/img read_img_series.m
98.06.30 13:34 B D:\data\matprogs\img\read_img_slice.m --> pons /export/home/hernan/matlab/img read_img_slice.m
98.06.30 13:34 B D:\data\matprogs\img\readvol.m --> pons /export/home/hernan/matlab/img readvol.m
98.06.30 13:34 B D:\data\matprogs\img\rightleft.m --> pons /export/home/hernan/matlab/img rightleft.m
98.06.30 13:34 B D:\data\matprogs\img\rightleft.m% --> pons /export/home/hernan/matlab/img rightleft.m%
98.06.30 13:34 B D:\data\matprogs\img\rightleft2.m --> pons /export/home/hernan/matlab/img rightleft2.m
98.06.30 13:34 B D:\data\matprogs\img\rightleft2.m% --> pons /export/home/hernan/matlab/img rightleft2.m%
98.06.30 13:34 B D:\data\matprogs\img\showspm.m --> pons /export/home/hernan/matlab/img showspm.m
98.06.30 13:34 B D:\data\matprogs\img\showspm.m% --> pons /export/home/hernan/matlab/img showspm.m%
98.06.30 13:34 B D:\data\matprogs\img\spm_info.m --> pons /export/home/hernan/matlab/img spm_info.m
98.06.30 13:34 B D:\data\matprogs\img\spmimg.m --> pons /export/home/hernan/matlab/img spmimg.m
98.06.30 13:34 B D:\data\matprogs\img\timeplot.m --> pons /export/home/hernan/matlab/img timeplot.m
98.06.30 13:34 B D:\data\matprogs\img\timeplot.m% --> pons /export/home/hernan/matlab/img timeplot.m%
98.06.30 13:34 B D:\data\matprogs\img\tm --> pons /export/home/hernan/matlab/img tm
98.06.30 13:34 B D:\data\matprogs\img\view.m --> pons /export/home/hernan/matlab/img view.m
98.06.30 13:34 B D:\data\matprogs\img\write_hdr.m --> pons /export/home/hernan/matlab/img write_hdr.m
98.06.30 13:34 B D:\data\matprogs\img\write_header.c --> pons /export/home/hernan/matlab/img write_header.c
98.06.30 13:34 B D:\data\matprogs\img\write_img.m --> pons /export/home/hernan/matlab/img write_img.m
98.06.30 13:34 B D:\data\matprogs\img\write_img_data.m --> pons /export/home/hernan/matlab/img write_img_data.m
98.06.30 13:34 B D:\data\matprogs\img\writevol.m --> pons /export/home/hernan/matlab/img writevol.m
98.06.30 13:34 B D:\data\matprogs\img\ws_ftp.log --> pons /export/home/hernan/matlab/img ws_ftp.log
98.06.30 13:34 B D:\data\matprogs\img\xy.m --> pons /export/home/hernan/matlab/img xy.m
98.06.30 13:34 B D:\data\matprogs\img\xyz_conv.m --> pons /export/home/hernan/matlab/img xyz_conv.m
98.06.30 13:34 B D:\data\matprogs\img\xyz_print.m --> pons /export/home/hernan/matlab/img xyz_print.m
98.06.30 13:55 B D:\data\matprogs\img\air.h --> pons /export/home/hernan/matlab/img air.h
98.06.30 13:55 B D:\data\matprogs\img\avg_fmri.m --> pons /export/home/hernan/matlab/img avg_fmri.m
98.06.30 13:55 B D:\data\matprogs\img\avg_fmri_skip.m --> pons /export/home/hernan/matlab/img avg_fmri_skip.m
98.06.30 13:55 B D:\data\matprogs\img\buikd_img.m --> pons /export/home/hernan/matlab/img buikd_img.m
98.06.30 13:55 B D:\data\matprogs\img\build_img.m --> pons /export/home/hernan/matlab/img build_img.m
98.06.30 13:55 B D:\data\matprogs\img\display.mat --> pons /export/home/hernan/matlab/img display.mat
98.06.30 13:55 B D:\data\matprogs\img\dispwin.m --> pons /export/home/hernan/matlab/img dispwin.m
98.06.30 13:55 B D:\data\matprogs\img\dispwin.m% --> pons /export/home/hernan/matlab/img dispwin.m%
98.06.30 13:55 B D:\data\matprogs\img\dispwin.mat --> pons /export/home/hernan/matlab/img dispwin.mat
98.06.30 13:55 B D:\data\matprogs\img\dwcall.m --> pons /export/home/hernan/matlab/img dwcall.m
98.06.30 13:55 B D:\data\matprogs\img\dwcall.m% --> pons /export/home/hernan/matlab/img dwcall.m%
98.06.30 13:55 B D:\data\matprogs\img\extractspm.m --> pons /export/home/hernan/matlab/img extractspm.m
98.06.30 13:55 B D:\data\matprogs\img\extractspm.m% --> pons /export/home/hernan/matlab/img extractspm.m%
98.06.30 13:55 B D:\data\matprogs\img\extractspm.m.bak --> pons /export/home/hernan/matlab/img extractspm.m.bak
98.06.30 13:55 B D:\data\matprogs\img\extractspm2.m --> pons /export/home/hernan/matlab/img extractspm2.m
98.06.30 13:55 B D:\data\matprogs\img\header.h --> pons /export/home/hernan/matlab/img header.h
98.06.30 13:55 B D:\data\matprogs\img\imdisp.m --> pons /export/home/hernan/matlab/img imdisp.m
98.06.30 13:55 B D:\data\matprogs\img\imdisp.m% --> pons /export/home/hernan/matlab/img imdisp.m%
98.06.30 13:55 B D:\data\matprogs\img\make_hdr.m --> pons /export/home/hernan/matlab/img make_hdr.m
98.06.30 13:55 B D:\data\matprogs\img\makslice.m --> pons /export/home/hernan/matlab/img makslice.m
98.06.30 13:55 B D:\data\matprogs\img\more --> pons /export/home/hernan/matlab/img more
98.06.30 13:55 B D:\data\matprogs\img\pix_count.m --> pons /export/home/hernan/matlab/img pix_count.m
98.06.30 13:55 B D:\data\matprogs\img\read_hdr.m --> pons /export/home/hernan/matlab/img read_hdr.m
98.06.30 13:55 B D:\data\matprogs\img\read_header.c --> pons /export/home/hernan/matlab/img read_header.c
98.06.30 13:55 B D:\data\matprogs\img\read_img.m --> pons /export/home/hernan/matlab/img read_img.m
98.06.30 13:55 B D:\data\matprogs\img\read_img2.m --> pons /export/home/hernan/matlab/img read_img2.m
98.06.30 13:55 B D:\data\matprogs\img\read_img_data.m --> pons /export/home/hernan/matlab/img read_img_data.m
98.06.30 13:55 B D:\data\matprogs\img\read_img_series.m --> pons /export/home/hernan/matlab/img read_img_series.m
98.06.30 13:55 B D:\data\matprogs\img\read_img_slice.m --> pons /export/home/hernan/matlab/img read_img_slice.m
98.06.30 13:55 B D:\data\matprogs\img\readvol.m --> pons /export/home/hernan/matlab/img readvol.m
98.06.30 13:55 B D:\data\matprogs\img\rightleft.m --> pons /export/home/hernan/matlab/img rightleft.m
98.06.30 13:55 B D:\data\matprogs\img\rightleft.m% --> pons /export/home/hernan/matlab/img rightleft.m%
98.06.30 13:55 B D:\data\matprogs\img\rightleft2.m --> pons /export/home/hernan/matlab/img rightleft2.m
98.06.30 13:55 B D:\data\matprogs\img\rightleft2.m% --> pons /export/home/hernan/matlab/img rightleft2.m%
98.06.30 13:55 B D:\data\matprogs\img\showspm.m --> pons /export/home/hernan/matlab/img showspm.m
98.06.30 13:55 B D:\data\matprogs\img\showspm.m% --> pons /export/home/hernan/matlab/img showspm.m%
98.06.30 13:55 B D:\data\matprogs\img\spm_info.m --> pons /export/home/hernan/matlab/img spm_info.m
98.06.30 13:55 B D:\data\matprogs\img\spmimg.m --> pons /export/home/hernan/matlab/img spmimg.m
98.06.30 13:55 B D:\data\matprogs\img\timeplot.m --> pons /export/home/hernan/matlab/img timeplot.m
98.06.30 13:55 B D:\data\matprogs\img\timeplot.m% --> pons /export/home/hernan/matlab/img timeplot.m%
98.06.30 13:55 B D:\data\matprogs\img\tm --> pons /export/home/hernan/matlab/img tm
98.06.30 13:55 B D:\data\matprogs\img\view.m --> pons /export/home/hernan/matlab/img view.m
98.06.30 13:55 B D:\data\matprogs\img\write_hdr.m --> pons /export/home/hernan/matlab/img write_hdr.m
98.06.30 13:55 B D:\data\matprogs\img\write_header.c --> pons /export/home/hernan/matlab/img write_header.c
98.06.30 13:55 B D:\data\matprogs\img\write_img.m --> pons /export/home/hernan/matlab/img write_img.m
98.06.30 13:55 B D:\data\matprogs\img\write_img_data.m --> pons /export/home/hernan/matlab/img write_img_data.m
98.06.30 13:55 B D:\data\matprogs\img\writevol.m --> pons /export/home/hernan/matlab/img writevol.m
